2,4d1
< Time:00:00:00(    0 sec.)
< Total wirelength: 107277.793459
< =================================
6,8d2
< Time:00:00:02(    2 sec.)
< Total wirelength: 67276.666661
< =================================
10,12d3
< Time:00:00:00(    0 sec.)
< Total wirelength: 176517.880437
< =================================
14,16d4
< Time:00:00:07(    7 sec.)
< Total wirelength: 109461.947249
< =================================
18,20d5
< Time:00:00:01(    1 sec.)
< Total wirelength: 445659.976507
< =================================
22,24d6
< Time:00:00:32(   32 sec.)
< Total wirelength: 272583.707822
< =================================
26,28d7
< Time:00:00:00(    0 sec.)
< Total wirelength: 130953.309833
< =================================
30,32d8
< Time:00:00:07(    7 sec.)
< Total wirelength: 91389.288836
< =================================
34,36d9
< Time:00:00:01(    1 sec.)
< Total wirelength: 314499.439594
< =================================
38,40d10
< Time:00:00:13(   13 sec.)
< Total wirelength: 221743.548317
< =================================
42,44d11
< Time:00:00:00(    0 sec.)
< Total wirelength: 1320665.973074
< =================================
46,48d12
< Time:00:00:13(   13 sec.)
< Total wirelength: 907077.933281
< =================================
50,52d13
< Time:00:00:01(    1 sec.)
< Total wirelength: 2602907.844900
< =================================
54,56d14
< Time:00:00:40(   40 sec.)
< Total wirelength: 1815189.503717
< =================================
58,60d15
< Time:00:00:02(    2 sec.)
< Total wirelength: 3388951.462224
< =================================
62,64d16
< Time:00:00:49(   49 sec.)
< Total wirelength: 2231561.374131
< =================================
66,68d17
< Time:00:00:05(    5 sec.)
< Total wirelength: 6828510.057231
< =================================
70,72d18
< Time:00:02:09(  129 sec.)
< Total wirelength: 4536953.949560
< =================================
74,76d19
< Time:00:00:08(    8 sec.)
< Total wirelength: 10242660.121239
< =================================
78,80d20
< Time:00:03:26(  206 sec.)
< Total wirelength: 6637103.128151
< =================================
