g++ -Wno-deprecated     -c ./defiAssertion.cpp -o obj/./defiAssertion.o
g++ -Wno-deprecated     -c ./lefiArray.cpp -o obj/./lefiArray.o
g++ -Wno-deprecated     -c ./lefwWriter.cpp -o obj/./lefwWriter.o
g++ -Wno-deprecated     -c ./lef_keywords.cpp -o obj/./lef_keywords.o
g++ -Wno-deprecated     -c ./lefiUtil.cpp -o obj/./lefiUtil.o
g++ -Wno-deprecated     -c ./defiDebug.cpp -o obj/./defiDebug.o
g++ -Wno-deprecated     -c ./lefiViaRule.cpp -o obj/./lefiViaRule.o
g++ -Wno-deprecated     -c ./lefiDebug.cpp -o obj/./lefiDebug.o
g++ -Wno-deprecated     -c ./FEF_malloc_lef.cpp -o obj/./FEF_malloc_lef.o
g++ -Wno-deprecated     -c ./lefiNonDefault.cpp -o obj/./lefiNonDefault.o
g++ -Wno-deprecated     -c ./defiComponent.cpp -o obj/./defiComponent.o
g++ -Wno-deprecated     -c ./lef.tab.cpp -o obj/./lef.tab.o
g++ -Wno-deprecated     -c ./crypt.cpp -o obj/./crypt.o
g++ -Wno-deprecated     -c ./main.cpp -o obj/./main.o
g++ -Wno-deprecated     -c ./lefiUnits.cpp -o obj/./lefiUnits.o
g++ -Wno-deprecated     -c ./defiPath.cpp -o obj/./defiPath.o
g++ -Wno-deprecated     -c ./readScl.cpp -o obj/./readScl.o
g++ -Wno-deprecated     -c ./defiFPC.cpp -o obj/./defiFPC.o
g++ -Wno-deprecated     -c ./defiAlias.cpp -o obj/./defiAlias.o
g++ -Wno-deprecated     -c ./defiPartition.cpp -o obj/./defiPartition.o
g++ -Wno-deprecated     -c ./lefiMacro.cpp -o obj/./lefiMacro.o
g++ -Wno-deprecated     -c ./def.tab.cpp -o obj/./def.tab.o
g++ -Wno-deprecated     -c ./FEF_stringhash_def.cpp -o obj/./FEF_stringhash_def.o
g++ -Wno-deprecated     -c ./bookshelf.cpp -o obj/./bookshelf.o
g++ -Wno-deprecated     -c ./defiUtil.cpp -o obj/./defiUtil.o
g++ -Wno-deprecated     -c ./defrReader.cpp -o obj/./defrReader.o
g++ -Wno-deprecated     -c ./lefiProp.cpp -o obj/./lefiProp.o
g++ -Wno-deprecated     -c ./defiTimingDisable.cpp -o obj/./defiTimingDisable.o
g++ -Wno-deprecated     -c ./defiRegion.cpp -o obj/./defiRegion.o
g++ -Wno-deprecated     -c ./defiVia.cpp -o obj/./defiVia.o
g++ -Wno-deprecated     -c ./lefiLayer.cpp -o obj/./lefiLayer.o
g++ -Wno-deprecated     -c ./FEF_malloc_def.cpp -o obj/./FEF_malloc_def.o
g++ -Wno-deprecated     -c ./lefiCrossTalk.cpp -o obj/./lefiCrossTalk.o
g++ -Wno-deprecated     -c ./defiGroup.cpp -o obj/./defiGroup.o
g++ -Wno-deprecated     -c ./defiProp.cpp -o obj/./defiProp.o
g++ -Wno-deprecated     -c ./lefiVia.cpp -o obj/./lefiVia.o
g++ -Wno-deprecated     -c ./defiNet.cpp -o obj/./defiNet.o
g++ -Wno-deprecated     -c ./defiPinProp.cpp -o obj/./defiPinProp.o
g++ -Wno-deprecated     -c ./defiIOTiming.cpp -o obj/./defiIOTiming.o
g++ -Wno-deprecated     -c ./defiScanchain.cpp -o obj/./defiScanchain.o
g++ -Wno-deprecated     -c ./lefiMisc.cpp -o obj/./lefiMisc.o
g++ -Wno-deprecated     -c ./def_keywords.cpp -o obj/./def_keywords.o
g++ -Wno-deprecated     -c ./defiSite.cpp -o obj/./defiSite.o
g++ -Wno-deprecated     -c ./FEF_stringhash_lef.cpp -o obj/./FEF_stringhash_lef.o
g++ -Wno-deprecated     -c ./defiRowTrack.cpp -o obj/./defiRowTrack.o
g++ -Wno-deprecated     -c ./defiPinCap.cpp -o obj/./defiPinCap.o
g++ -Wno-deprecated     -c ./lefrReader.cpp -o obj/./lefrReader.o
g++ -Wno-deprecated    -c ./mst8.cxx -o obj/./mst8.o
g++ -Wno-deprecated    -c ./constraint.cxx -o obj/./constraint.o
g++ -Wno-deprecated    -c ./dbRoutingElement.cxx -o obj/./dbRoutingElement.o
g++ -Wno-deprecated    -c ./verbosity.cxx -o obj/./verbosity.o
g++ -Wno-deprecated    -c ./abkfunc.cxx -o obj/./abkfunc.o
g++ -Wno-deprecated    -c ./DBreadLEFDEF.cxx -o obj/./DBreadLEFDEF.o
g++ -Wno-deprecated    -c ./hgFixed.cxx -o obj/./hgFixed.o
g++ -Wno-deprecated    -c ./defparse.tab.cxx -o obj/./defparse.tab.o
g++ -Wno-deprecated    -c ./platfDepend.cxx -o obj/./platfDepend.o
g++ -Wno-deprecated    -c ./xyDraw.cxx -o obj/./xyDraw.o
g++ -Wno-deprecated    -c ./RBPlBuildLayout.cxx -o obj/./RBPlBuildLayout.o
g++ -Wno-deprecated    -c ./baseSmallPlPr.cxx -o obj/./baseSmallPlPr.o
g++ -Wno-deprecated    -c ./freqDistr.cxx -o obj/./freqDistr.o
g++ -Wno-deprecated    -c ./dbPin.cxx -o obj/./dbPin.o
g++ -Wno-deprecated    -c ./abkio.cxx -o obj/./abkio.o
g++ -Wno-deprecated    -c ./hgWrite.cxx -o obj/./hgWrite.o
g++ -Wno-deprecated    -c ./hgWDimsFromDB.cxx -o obj/./hgWDimsFromDB.o
g++ -Wno-deprecated    -c ./lefparse.tab.cxx -o obj/./lefparse.tab.o
g++ -Wno-deprecated    -c ./point.cxx -o obj/./point.o
g++ -Wno-deprecated    -c ./hgWDims.cxx -o obj/./hgWDims.o
g++ -Wno-deprecated    -c ./constraints.cxx -o obj/./constraints.o
g++ -Wno-deprecated    -c ./abkrand_templ.cxx -o obj/./abkrand_templ.o
g++ -Wno-deprecated    -c ./abkassert.cxx -o obj/./abkassert.o
g++ -Wno-deprecated    -c ./sRowBBPlacer.cxx -o obj/./sRowBBPlacer.o
g++ -Wno-deprecated    -c ./Tausworthe.cxx -o obj/./Tausworthe.o
g++ -Wno-deprecated    -c ./RBPlaceIO.cxx -o obj/./RBPlaceIO.o
g++ -Wno-deprecated    -c ./dbMasterVia.cxx -o obj/./dbMasterVia.o
g++ -Wno-deprecated    -c ./partitionIds.cxx -o obj/./partitionIds.o
g++ -Wno-deprecated    -c ./dmatrix.cxx -o obj/./dmatrix.o
g++ -Wno-deprecated    -c ./dbNet.cxx -o obj/./dbNet.o
g++ -Wno-deprecated    -c ./rowIroning.cxx -o obj/./rowIroning.o
g++ -Wno-deprecated    -c ./RBRows.cxx -o obj/./RBRows.o
g++ -Wno-deprecated    -c ./permut.cxx -o obj/./permut.o
g++ -Wno-deprecated    -c ./dbEasyAccess.cxx -o obj/./dbEasyAccess.o
g++ -Wno-deprecated    -c ./keyCounter.cxx -o obj/./keyCounter.o
g++ -Wno-deprecated    -c ./abkcpunorm.cxx -o obj/./abkcpunorm.o
g++ -Wno-deprecated    -c ./trivStats.cxx -o obj/./trivStats.o
g++ -Wno-deprecated    -c ./hgPrinting.cxx -o obj/./hgPrinting.o
g++ -Wno-deprecated    -c ./hgParam.cxx -o obj/./hgParam.o
g++ -Wno-deprecated    -c ./dbContext.cxx -o obj/./dbContext.o
g++ -Wno-deprecated    -c ./abktimer.cxx -o obj/./abktimer.o
g++ -Wno-deprecated    -c ./simAnneal.cxx -o obj/./simAnneal.o
g++ -Wno-deprecated    -c ./hgWDWrite.cxx -o obj/./hgWDWrite.o
g++ -Wno-deprecated    -c ./pathDelims.cxx -o obj/./pathDelims.o
g++ -Wno-deprecated    -c ./greedyOrientOpt.cxx -o obj/./greedyOrientOpt.o
g++ -Wno-deprecated    -c ./subPlacement.cxx -o obj/./subPlacement.o
g++ -Wno-deprecated    -c ./hgSorting.cxx -o obj/./hgSorting.o
g++ -Wno-deprecated    -c ./dbTypes.cxx -o obj/./dbTypes.o
g++ -Wno-deprecated    -c ./seed.cxx -o obj/./seed.o
g++ -Wno-deprecated    -c ./overlapRem.cxx -o obj/./overlapRem.o
g++ -Wno-deprecated    -c ./bitBoard.cxx -o obj/./bitBoard.o
g++ -Wno-deprecated    -c ./rancor.cxx -o obj/./rancor.o
g++ -Wno-deprecated    -c ./sRowSmPlacer.cxx -o obj/./sRowSmPlacer.o
g++ -Wno-deprecated    -c ./lex.lef.cxx -o obj/./lex.lef.o
g++ -Wno-deprecated    -c ./dbTemporal.cxx -o obj/./dbTemporal.o
g++ -Wno-deprecated    -c ./symOri.cxx -o obj/./symOri.o
g++ -Wno-deprecated    -c ./hgIsConsistent.cxx -o obj/./hgIsConsistent.o
g++ -Wno-deprecated    -c ./RBPlaceFromDB.cxx -o obj/./RBPlaceFromDB.o
g++ -Wno-deprecated    -c ./DBpostProc.cxx -o obj/./DBpostProc.o
g++ -Wno-deprecated    -c ./sRowDPPlacer.cxx -o obj/./sRowDPPlacer.o
g++ -Wno-deprecated    -c ./lex.def.cxx -o obj/./lex.def.o
g++ -Wno-deprecated    -c ./RBPlacePlot.cxx -o obj/./RBPlacePlot.o
g++ -Wno-deprecated    -c ./loadedDie.cxx -o obj/./loadedDie.o
g++ -Wno-deprecated    -c ./hgWDRead.cxx -o obj/./hgWDRead.o
g++ -Wno-deprecated    -c ./twoRowDPPlacer.cxx -o obj/./twoRowDPPlacer.o
g++ -Wno-deprecated    -c ./DBparseLEFDEFq.cxx -o obj/./DBparseLEFDEFq.o
g++ -Wno-deprecated    -c ./DB.cxx -o obj/./DB.o
g++ -Wno-deprecated    -c ./regionConstr.cxx -o obj/./regionConstr.o
g++ -Wno-deprecated    -c ./dbCell.cxx -o obj/./dbCell.o
g++ -Wno-deprecated    -c ./orientOptXFace.cxx -o obj/./orientOptXFace.o
g++ -Wno-deprecated    -c ./dbRoutedNet.cxx -o obj/./dbRoutedNet.o
g++ -Wno-deprecated    -c ./fxTypeConstr.cxx -o obj/./fxTypeConstr.o
g++ -Wno-deprecated    -c ./mst.cxx -o obj/./mst.o
g++ -Wno-deprecated    -c ./paramproc.cxx -o obj/./paramproc.o
g++ -Wno-deprecated    -c ./hgWDSorting.cxx -o obj/./hgWDSorting.o
g++ -Wno-deprecated    -c ./smallPlaceProb.cxx -o obj/./smallPlaceProb.o
g++ -Wno-deprecated    -c ./geomTreeBase.cxx -o obj/./geomTreeBase.o
g++ -Wno-deprecated    -c ./RBSpaceCells.cxx -o obj/./RBSpaceCells.o
g++ -Wno-deprecated    -c ./smallNetlist.cxx -o obj/./smallNetlist.o
g++ -Wno-deprecated    -c ./parserLEFDEF.cxx -o obj/./parserLEFDEF.o
g++ -Wno-deprecated    -c ./RBPlaceWL.cxx -o obj/./RBPlaceWL.o
g++ -Wno-deprecated    -c ./saveLEFDEF.cxx -o obj/./saveLEFDEF.o
g++ -Wno-deprecated    -c ./sd2.cxx -o obj/./sd2.o
g++ -Wno-deprecated    -c ./r1279.cxx -o obj/./r1279.o
g++ -Wno-deprecated    -c ./ParserLEFDEFq.cxx -o obj/./ParserLEFDEFq.o
g++ -Wno-deprecated    -c ./hgRead.cxx -o obj/./hgRead.o
g++ -Wno-deprecated    -c ./dbSpatial.cxx -o obj/./dbSpatial.o
g++ -Wno-deprecated    -c ./CongestionMaps.cxx -o obj/./CongestionMaps.o
g++ -Wno-deprecated    -c ./DetailedPlacement.cxx -o obj/./DetailedPlacement.o
g++ -Wno-deprecated    -c ./mapping.cxx -o obj/./mapping.o
g++ -Wno-deprecated    -c ./DBparseXXX.cxx -o obj/./DBparseXXX.o
g++ -Wno-deprecated    -c ./stripNetStacks.cxx -o obj/./stripNetStacks.o
g++ -Wno-deprecated    -c ./md5.cxx -o obj/./md5.o
g++ -Wno-deprecated    -c ./spNetStacks.cxx -o obj/./spNetStacks.o
g++ -Wno-deprecated    -c ./baseSmallPl.cxx -o obj/./baseSmallPl.o
g++ -Wno-deprecated    -c ./rbtree.cxx -o obj/./rbtree.o
g++ -Wno-deprecated    -c ./dbNetlist.cxx -o obj/./dbNetlist.o
g++ -Wno-deprecated    -c ./bbox.cxx -o obj/./bbox.o
g++ -Wno-deprecated    -c ./abkroot.cxx -o obj/./abkroot.o
g++ -Wno-deprecated    -c ./smallPlRow.cxx -o obj/./smallPlRow.o
g++ -Wno-deprecated    -c ./abkstring.cxx -o obj/./abkstring.o
g++ -Wno-deprecated    -c ./infolines.cxx -o obj/./infolines.o
g++ -Wno-deprecated    -c ./interval.cxx -o obj/./interval.o
g++ -Wno-deprecated    -c ./placeWOri.cxx -o obj/./placeWOri.o
g++ -Wno-deprecated    -c ./hgDelayInfo.cxx -o obj/./hgDelayInfo.o
g++ -Wno-deprecated    -c ./linRegre.cxx -o obj/./linRegre.o
g++ -Wno-deprecated    -c ./placement.cxx -o obj/./placement.o
g++ -Wno-deprecated    -c ./RBPlacement.cxx -o obj/./RBPlacement.o
g++ -Wno-deprecated    -c ./dbRoutingInfo.cxx -o obj/./dbRoutingInfo.o
g++ -Wno-deprecated    -c ./DBreadLEFDEFq.cxx -o obj/./DBreadLEFDEFq.o
g++ -Wno-deprecated    -c ./r250.cxx -o obj/./r250.o
g++  -L../lib -o ./obj/../DP ./obj/./lefiUtil.o ./obj/./defiPath.o ./obj/./lef.tab.o ./obj/./defiUtil.o ./obj/./def.tab.o ./obj/./readScl.o ./obj/./lefiDebug.o ./obj/./defiComponent.o ./obj/./FEF_malloc_def.o ./obj/./lefiVia.o ./obj/./lefrReader.o ./obj/./lefiArray.o ./obj/./defiDebug.o ./obj/./defiVia.o ./obj/./defrReader.o ./obj/./lefiMacro.o ./obj/./defiTimingDisable.o ./obj/./defiAssertion.o ./obj/./crypt.o ./obj/./defiPinCap.o ./obj/./bookshelf.o ./obj/./FEF_stringhash_def.o ./obj/./lefiUnits.o ./obj/./lefiLayer.o ./obj/./lefiCrossTalk.o ./obj/./defiGroup.o ./obj/./FEF_stringhash_lef.o ./obj/./FEF_malloc_lef.o ./obj/./lefiProp.o ./obj/./defiPinProp.o ./obj/./defiProp.o ./obj/./lefiMisc.o ./obj/./lefiViaRule.o ./obj/./main.o ./obj/./defiPartition.o ./obj/./defiNet.o ./obj/./defiIOTiming.o ./obj/./defiScanchain.o ./obj/./lefwWriter.o ./obj/./defiSite.o ./obj/./defiRowTrack.o ./obj/./lefiNonDefault.o ./obj/./defiFPC.o ./obj/./lef_keywords.o ./obj/./defiAlias.o ./obj/./defiRegion.o ./obj/./def_keywords.o ./obj/./verbosity.o ./obj/./abkroot.o ./obj/./xyDraw.o ./obj/./constraints.o ./obj/./rowIroning.o ./obj/./hgWDWrite.o ./obj/./overlapRem.o ./obj/./lex.lef.o ./obj/./RBPlacePlot.o ./obj/./CongestionMaps.o ./obj/./paramproc.o ./obj/./abkstring.o ./obj/./sd2.o ./obj/./mapping.o ./obj/./r1279.o ./obj/./spNetStacks.o ./obj/./hgWDims.o ./obj/./baseSmallPlPr.o ./obj/./r250.o ./obj/./hgFixed.o ./obj/./platfDepend.o ./obj/./placeWOri.o ./obj/./hgSorting.o ./obj/./abkio.o ./obj/./hgParam.o ./obj/./RBPlaceFromDB.o ./obj/./hgWDSorting.o ./obj/./hgRead.o ./obj/./baseSmallPl.o ./obj/./dbContext.o ./obj/./DBreadLEFDEFq.o ./obj/./linRegre.o ./obj/./RBPlacement.o ./obj/./rancor.o ./obj/./lefparse.tab.o ./obj/./bitBoard.o ./obj/./dbMasterVia.o ./obj/./dmatrix.o ./obj/./stripNetStacks.o ./obj/./simAnneal.o ./obj/./subPlacement.o ./obj/./loadedDie.o ./obj/./abkcpunorm.o ./obj/./smallPlaceProb.o ./obj/./point.o ./obj/./placement.o ./obj/./abkfunc.o ./obj/./dbSpatial.o ./obj/./rbtree.o ./obj/./permut.o ./obj/./infolines.o ./obj/./interval.o ./obj/./RBPlaceWL.o ./obj/./dbNetlist.o ./obj/./defparse.tab.o ./obj/./RBPlBuildLayout.o ./obj/./Tausworthe.o ./obj/./partitionIds.o ./obj/./fxTypeConstr.o ./obj/./trivStats.o ./obj/./smallNetlist.o ./obj/./geomTreeBase.o ./obj/./md5.o ./obj/./sRowDPPlacer.o ./obj/./pathDelims.o ./obj/./dbTemporal.o ./obj/./RBSpaceCells.o ./obj/./constraint.o ./obj/./dbPin.o ./obj/./hgWrite.o ./obj/./dbNet.o ./obj/./dbTypes.o ./obj/./seed.o ./obj/./hgIsConsistent.o ./obj/./DB.o ./obj/./dbRoutingInfo.o ./obj/./DBreadLEFDEF.o ./obj/./abkassert.o ./obj/./keyCounter.o ./obj/./abkrand_templ.o ./obj/./hgPrinting.o ./obj/./abktimer.o ./obj/./mst.o ./obj/./sRowSmPlacer.o ./obj/./hgWDRead.o ./obj/./ParserLEFDEFq.o ./obj/./DBparseLEFDEFq.o ./obj/./DBpostProc.o ./obj/./parserLEFDEF.o ./obj/./regionConstr.o ./obj/./mst8.o ./obj/./hgDelayInfo.o ./obj/./sRowBBPlacer.o ./obj/./hgWDimsFromDB.o ./obj/./RBRows.o ./obj/./dbRoutedNet.o ./obj/./twoRowDPPlacer.o ./obj/./dbCell.o ./obj/./saveLEFDEF.o ./obj/./freqDistr.o ./obj/./RBPlaceIO.o ./obj/./bbox.o ./obj/./dbEasyAccess.o ./obj/./greedyOrientOpt.o ./obj/./symOri.o ./obj/./lex.def.o ./obj/./orientOptXFace.o ./obj/./dbRoutingElement.o ./obj/./DetailedPlacement.o ./obj/./DBparseXXX.o ./obj/./smallPlRow.o  -lm     
